2017-07-20 13:40:00|3|19,os,stat|2,1520,4144713728,2147479552,110456832,675835904,2549788672,21060000000
2017-07-20 13:40:00|3|19,memory,PS Survivor Space|2621440,39702904,39845888,39845888
2017-07-20 13:40:00|3|19,thread,state|0,7,0,2,17,0
2017-07-20 13:40:00|3|19,thread,count|26,25,28,28
2017-07-20 13:40:00|3|19,memory,PS Eden Space|16777216,168865048,232783872,245366784
2017-07-20 13:40:00|3|19,gc,PS Scavenge|17,444,17,444
2017-07-20 13:40:00|3|19,gc,PS MarkSweep|2,531,2,531
2017-07-20 13:40:00|3|19,memory,PS Perm Gen|22020096,47831952,103284736,174063616
2017-07-20 13:40:00|3|19,classloading,all|8421,8421,8421,0,0
2017-07-20 13:40:00|3|19,memory,Code Cache|2555904,2551168,2752512,50331648
2017-07-20 13:40:00|3|19,memory,PS Old Gen|42991616,83016480,133169152,692060160
2017-07-20 13:41:00|3|19,os,stat|2,560,4144713728,2147479552,108769280,632274944,2559262720,21450000000
2017-07-20 13:41:00|3|19,memory,PS Survivor Space|2621440,39702904,39845888,39845888
2017-07-20 13:41:00|3|19,thread,state|0,7,0,13,17,0
2017-07-20 13:41:00|3|19,thread,count|37,36,11,39
2017-07-20 13:41:00|3|19,memory,PS Eden Space|16777216,193551448,232783872,245366784
2017-07-20 13:41:00|3|19,gc,PS Scavenge|0,0,17,444
2017-07-20 13:41:00|3|19,gc,PS MarkSweep|0,0,2,531
2017-07-20 13:41:00|3|19,memory,PS Perm Gen|22020096,49249200,103284736,174063616
2017-07-20 13:41:00|3|19,classloading,all|283,8704,8704,0,0
2017-07-20 13:41:00|3|19,memory,Code Cache|2555904,2585216,2752512,50331648
2017-07-20 13:41:00|3|19,memory,PS Old Gen|42991616,83016480,133169152,692060160
2017-07-20 13:42:00|3|19,os,stat|2,200,4144713728,2147479552,109305856,628916224,2559262720,21630000000
2017-07-20 13:42:00|3|19,memory,PS Survivor Space|2621440,39702904,39845888,39845888
2017-07-20 13:42:00|3|19,thread,state|0,7,0,13,17,0
2017-07-20 13:42:00|3|19,thread,count|37,36,0,39
2017-07-20 13:42:00|3|19,memory,PS Eden Space|16777216,193551496,232783872,245366784
2017-07-20 13:42:00|3|19,gc,PS Scavenge|0,0,17,444
2017-07-20 13:42:00|3|19,gc,PS MarkSweep|0,0,2,531
2017-07-20 13:42:00|3|19,memory,PS Perm Gen|22020096,49378424,103284736,174063616
2017-07-20 13:42:00|3|19,classloading,all|14,8718,8718,0,0
2017-07-20 13:42:00|3|19,memory,Code Cache|2555904,2585216,2752512,50331648
2017-07-20 13:42:00|3|19,memory,PS Old Gen|42991616,83016480,133169152,692060160
2017-07-20 13:43:00|3|19,os,stat|2,110,4144713728,2147479552,124010496,626827264,2559262720,21790000000
2017-07-20 13:43:00|3|19,memory,PS Survivor Space|2621440,39702904,39845888,39845888
2017-07-20 13:43:00|3|19,thread,state|0,7,0,13,17,0
2017-07-20 13:43:00|3|19,thread,count|37,36,0,39
2017-07-20 13:43:00|3|19,memory,PS Eden Space|16777216,193551544,232783872,245366784
2017-07-20 13:43:00|3|19,gc,PS Scavenge|0,0,17,444
2017-07-20 13:43:00|3|19,gc,PS MarkSweep|0,0,2,531
2017-07-20 13:43:00|3|19,memory,PS Perm Gen|22020096,49385344,103284736,174063616
2017-07-20 13:43:00|3|19,classloading,all|0,8718,8718,0,0
2017-07-20 13:43:00|3|19,memory,Code Cache|2555904,2587648,2752512,50331648
2017-07-20 13:43:00|3|19,memory,PS Old Gen|42991616,83016480,133169152,692060160
2017-07-20 13:44:00|3|19,os,stat|2,140,4144713728,2147479552,111001600,629080064,2559262720,21980000000
2017-07-20 13:44:00|3|19,memory,PS Survivor Space|2621440,39702904,39845888,39845888
2017-07-20 13:44:00|3|19,thread,state|0,7,0,13,17,0
2017-07-20 13:44:00|3|19,thread,count|37,36,0,39
2017-07-20 13:44:00|3|19,memory,PS Eden Space|16777216,193551592,232783872,245366784
2017-07-20 13:44:00|3|19,gc,PS Scavenge|0,0,17,444
2017-07-20 13:44:00|3|19,gc,PS MarkSweep|0,0,2,531
2017-07-20 13:44:00|3|19,memory,PS Perm Gen|22020096,49389160,103284736,174063616
2017-07-20 13:44:00|3|19,classloading,all|0,8718,8718,0,0
2017-07-20 13:44:00|3|19,memory,Code Cache|2555904,2608256,2752512,50331648
2017-07-20 13:44:00|3|19,memory,PS Old Gen|42991616,83016480,133169152,692060160
2017-07-20 13:45:00|3|19,os,stat|2,160,4144713728,2147479552,114163712,624566272,2559262720,22120000000
2017-07-20 13:45:00|3|19,memory,PS Survivor Space|2621440,39702904,39845888,39845888
2017-07-20 13:45:00|3|19,thread,state|0,7,0,13,17,0
2017-07-20 13:45:00|3|19,thread,count|37,36,0,39
2017-07-20 13:45:00|3|19,memory,PS Eden Space|16777216,193551640,232783872,245366784
2017-07-20 13:45:00|3|19,gc,PS Scavenge|0,0,17,444
2017-07-20 13:45:00|3|19,gc,PS MarkSweep|0,0,2,531
2017-07-20 13:45:00|3|19,memory,PS Perm Gen|22020096,49392944,103284736,174063616
2017-07-20 13:45:00|3|19,classloading,all|0,8718,8718,0,0
2017-07-20 13:45:00|3|19,memory,Code Cache|2555904,2608256,2752512,50331648
2017-07-20 13:45:00|3|19,memory,PS Old Gen|42991616,83016480,133169152,692060160
2017-07-20 13:46:00|3|19,os,stat|2,60,4144713728,2147479552,684236800,858791936,2559262720,22270000000
2017-07-20 13:46:00|3|19,memory,PS Survivor Space|2621440,39702904,39845888,39845888
2017-07-20 13:46:00|3|19,thread,state|0,7,0,13,17,0
2017-07-20 13:46:00|3|19,thread,count|37,36,0,39
2017-07-20 13:46:00|3|19,memory,PS Eden Space|16777216,193551688,232783872,245366784
2017-07-20 13:46:00|3|19,gc,PS Scavenge|0,0,17,444
2017-07-20 13:46:00|3|19,gc,PS MarkSweep|0,0,2,531
2017-07-20 13:46:00|3|19,memory,PS Perm Gen|22020096,49394488,103284736,174063616
2017-07-20 13:46:00|3|19,classloading,all|0,8718,8718,0,0
2017-07-20 13:46:00|3|19,memory,Code Cache|2555904,2609088,2752512,50331648
2017-07-20 13:46:00|3|19,memory,PS Old Gen|42991616,83016480,133169152,692060160
2017-07-20 13:48:00|3|15,classloading,all|8710,8710,8710,0,0
2017-07-20 13:48:00|3|15,memory,PS Eden Space|16777216,175547776,229638144,247988224
2017-07-20 13:48:00|3|15,memory,PS Survivor Space|2621440,36943552,37224448,37224448
2017-07-20 13:48:00|3|15,thread,state|0,7,0,10,17,0
2017-07-20 13:48:00|3|15,memory,Code Cache|2555904,2556800,2818048,50331648
2017-07-20 13:48:00|3|15,gc,PS MarkSweep|2,388,2,388
2017-07-20 13:48:00|3|15,memory,PS Perm Gen|22020096,49334608,103284736,174063616
2017-07-20 13:48:00|3|15,memory,PS Old Gen|42991616,89533296,136839168,692060160
2017-07-20 13:48:00|3|15,thread,count|34,33,36,36
2017-07-20 13:48:00|3|15,gc,PS Scavenge|17,428,17,428
2017-07-20 13:48:00|3|15,os,stat|2,890,4144713728,2147479552,218218496,868446208,2556104704,20390000000
