2017-07-20 13:40:00|3|19,main,RUNNABLE|1,0,1056575338,910000000
2017-07-20 13:40:00|3|19,Timer-0,TIMED_WAITING|13,1,2619397,0
2017-07-20 13:40:00|3|19,http-bio-8777-AsyncTimeout,TIMED_WAITING|33,1,1739238,0
2017-07-20 13:40:00|3|19,Thread-7,RUNNABLE|23,1,3462245,0
2017-07-20 13:40:00|3|19,Pandora pandora-qos-reporter Pool [Thread-1],TIMED_WAITING|26,1,15387527,10000000
2017-07-20 13:40:00|3|19,EagleEye-StatLogController-roller-thread-1,TIMED_WAITING|19,1,352889,0
2017-07-20 13:40:00|3|19,EagleEye-AsyncAppender-Thread-RpcLog,TIMED_WAITING|16,1,2337571,0
2017-07-20 13:40:00|3|19,JmonitorClient-WriterThread Pool [Thread-1],TIMED_WAITING|30,1,1136025,0
2017-07-20 13:40:00|3|19,Finalizer,WAITING|3,1,39981161,30000000
2017-07-20 13:40:00|3|19,ContainerBackgroundProcessor[StandardEngine[Catalina]],TIMED_WAITING|31,1,781135,0
2017-07-20 13:40:00|3|19,JmonitorClient-ReaderThread Pool [Thread-1],TIMED_WAITING|29,1,1388873,0
2017-07-20 13:40:00|3|19,GC Daemon,TIMED_WAITING|10,1,182850,0
2017-07-20 13:40:00|3|19,Signal Dispatcher,RUNNABLE|4,1,129966,0
2017-07-20 13:40:00|3|19,server-timer,TIMED_WAITING|22,1,492208,0
2017-07-20 13:40:00|3|19,Old I/O server boss ([id: 0x48199394; 0.0.0.0/0.0.0.0:12201]),RUNNABLE|25,1,6192978,0
2017-07-20 13:40:00|3|19,scheduleJob-worker--0,TIMED_WAITING|24,1,19696423,10000000
2017-07-20 13:40:00|3|19,EagleEye-AsyncAppender-Thread-BizLog,TIMED_WAITING|17,1,2454603,0
2017-07-20 13:40:00|3|19,JmonitorClient-HeartBeat Pool [Thread-1],TIMED_WAITING|28,1,729135,0
2017-07-20 13:40:00|3|19,http-bio-8777-Acceptor-0,RUNNABLE|32,1,345056,0
2017-07-20 13:40:00|3|19,Thread-3,RUNNABLE|14,1,1297774,0
2017-07-20 13:40:00|3|19,JmonitorClient-CheckThread Pool [Thread-1],TIMED_WAITING|27,1,11324179,10000000
2017-07-20 13:40:00|3|19,EagleEye-ScheduleTaskController-worker-thread-1,RUNNABLE|20,1,7201115,0
2017-07-20 13:40:00|3|19,Reference Handler,WAITING|2,1,33068372,30000000
2017-07-20 13:40:00|3|19,EagleEye-LogDaemon-Thread,TIMED_WAITING|18,1,4855315,0
2017-07-20 13:40:00|3|19,EagleEye-AsyncAppender-Thread-TraceLog-atp,TIMED_WAITING|21,1,2787755,0
2017-07-20 13:40:00|3|19,Timer-1,TIMED_WAITING|15,1,20809321,10000000
2017-07-20 13:41:00|3|19,main,RUNNABLE|1,0,1056575338,910000000
2017-07-20 13:41:00|3|19,Timer-0,TIMED_WAITING|13,1,6837230,0
2017-07-20 13:41:00|3|19,http-bio-8777-AsyncTimeout,TIMED_WAITING|33,1,4713604,0
2017-07-20 13:41:00|3|19,EagleEye-StatLogController-writer-thread-1,WAITING|35,1,13629993,10000000
2017-07-20 13:41:00|3|19,EagleEye-StatLogController-roller-thread-1,TIMED_WAITING|19,1,2469737,0
2017-07-20 13:41:00|3|19,EagleEye-AsyncAppender-Thread-RpcLog,TIMED_WAITING|16,1,5852331,0
2017-07-20 13:41:00|3|19,http-bio-8777-exec-2,WAITING|37,1,1262016,0
2017-07-20 13:41:00|3|19,Finalizer,WAITING|3,1,39981161,30000000
2017-07-20 13:41:00|3|19,http-bio-8777-exec-6,WAITING|41,1,376360,0
2017-07-20 13:41:00|3|19,server-timer,TIMED_WAITING|22,1,877578,0
2017-07-20 13:41:00|3|19,http-bio-8777-exec-4,WAITING|39,1,311469,0
2017-07-20 13:41:00|3|19,EagleEye-AsyncAppender-Thread-BizLog,TIMED_WAITING|17,1,5357539,0
2017-07-20 13:41:00|3|19,JmonitorClient-HeartBeat Pool [Thread-1],TIMED_WAITING|28,1,860485,0
2017-07-20 13:41:00|3|19,http-bio-8777-exec-1,WAITING|36,1,124901178,110000000
2017-07-20 13:41:00|3|19,Thread-3,RUNNABLE|14,1,1297774,0
2017-07-20 13:41:00|3|19,Reference Handler,WAITING|2,1,33068372,30000000
2017-07-20 13:41:00|3|19,http-bio-8777-exec-10,WAITING|45,1,1694362,0
2017-07-20 13:41:00|3|19,EagleEye-AsyncAppender-Thread-TraceLog-atp,TIMED_WAITING|21,1,7788334,0
2017-07-20 13:41:00|3|19,http-bio-8777-exec-5,WAITING|40,1,1099484,0
2017-07-20 13:41:00|3|19,Timer-1,TIMED_WAITING|15,1,57567732,40000000
2017-07-20 13:41:00|3|19,http-bio-8777-exec-8,WAITING|43,1,349919,0
2017-07-20 13:41:00|3|19,Thread-7,RUNNABLE|23,1,8894286,0
2017-07-20 13:41:00|3|19,Pandora pandora-qos-reporter Pool [Thread-1],TIMED_WAITING|26,1,15387527,10000000
2017-07-20 13:41:00|3|19,JmonitorClient-WriterThread Pool [Thread-1],TIMED_WAITING|30,1,3101482,0
2017-07-20 13:41:00|3|19,http-bio-8777-exec-7,WAITING|42,1,903055,0
2017-07-20 13:41:00|3|19,ContainerBackgroundProcessor[StandardEngine[Catalina]],TIMED_WAITING|31,1,2467364,0
2017-07-20 13:41:00|3|19,http-bio-8777-exec-9,WAITING|44,1,1205828,0
2017-07-20 13:41:00|3|19,JmonitorClient-ReaderThread Pool [Thread-1],TIMED_WAITING|29,1,3590886,0
2017-07-20 13:41:00|3|19,GC Daemon,TIMED_WAITING|10,1,182850,0
2017-07-20 13:41:00|3|19,Signal Dispatcher,RUNNABLE|4,1,129966,0
2017-07-20 13:41:00|3|19,http-bio-8777-exec-3,WAITING|38,1,2513078,0
2017-07-20 13:41:00|3|19,Old I/O server boss ([id: 0x48199394; 0.0.0.0/0.0.0.0:12201]),RUNNABLE|25,1,17221252,10000000
2017-07-20 13:41:00|3|19,scheduleJob-worker--0,TIMED_WAITING|24,1,38379896,30000000
2017-07-20 13:41:00|3|19,http-bio-8777-Acceptor-0,RUNNABLE|32,1,4847364,0
2017-07-20 13:41:00|3|19,JmonitorClient-CheckThread Pool [Thread-1],TIMED_WAITING|27,1,12493527,10000000
2017-07-20 13:41:00|3|19,EagleEye-ScheduleTaskController-worker-thread-1,RUNNABLE|20,1,10240019,0
2017-07-20 13:41:00|3|19,EagleEye-LogDaemon-Thread,TIMED_WAITING|18,1,8038769,0
2017-07-20 13:42:00|3|19,Timer-0,TIMED_WAITING|13,1,11263321,0
2017-07-20 13:42:00|3|19,EagleEye-StatLogController-roller-thread-1,TIMED_WAITING|19,1,3306600,0
2017-07-20 13:42:00|3|19,http-bio-8777-exec-2,WAITING|37,1,3310399,0
2017-07-20 13:42:00|3|19,Finalizer,WAITING|3,1,39981161,30000000
2017-07-20 13:42:00|3|19,server-timer,TIMED_WAITING|22,1,1321841,0
2017-07-20 13:42:00|3|19,http-bio-8777-exec-4,WAITING|39,1,376630,0
2017-07-20 13:42:00|3|19,EagleEye-AsyncAppender-Thread-BizLog,TIMED_WAITING|17,1,8261608,0
2017-07-20 13:42:00|3|19,JmonitorClient-HeartBeat Pool [Thread-1],TIMED_WAITING|28,1,993228,0
2017-07-20 13:42:00|3|19,Thread-3,RUNNABLE|14,1,1297774,0
2017-07-20 13:42:00|3|19,http-bio-8777-exec-5,WAITING|40,1,18674200,10000000
2017-07-20 13:42:00|3|19,Thread-7,RUNNABLE|23,1,14314075,10000000
2017-07-20 13:42:00|3|19,http-bio-8777-exec-7,WAITING|42,1,941904,0
2017-07-20 13:42:00|3|19,ContainerBackgroundProcessor[StandardEngine[Catalina]],TIMED_WAITING|31,1,3979619,0
2017-07-20 13:42:00|3|19,http-bio-8777-Acceptor-0,RUNNABLE|32,1,5853425,0
2017-07-20 13:42:00|3|19,EagleEye-LogDaemon-Thread,TIMED_WAITING|18,1,11119583,0
2017-07-20 13:42:00|3|19,main,RUNNABLE|1,0,1056575338,910000000
2017-07-20 13:42:00|3|19,http-bio-8777-AsyncTimeout,TIMED_WAITING|33,1,8325526,0
2017-07-20 13:42:00|3|19,EagleEye-StatLogController-writer-thread-1,WAITING|35,1,20095442,20000000
2017-07-20 13:42:00|3|19,EagleEye-AsyncAppender-Thread-RpcLog,TIMED_WAITING|16,1,9291159,0
2017-07-20 13:42:00|3|19,http-bio-8777-exec-6,WAITING|41,1,407359,0
2017-07-20 13:42:00|3|19,http-bio-8777-exec-1,WAITING|36,1,124992937,110000000
2017-07-20 13:42:00|3|19,Reference Handler,WAITING|2,1,33068372,30000000
2017-07-20 13:42:00|3|19,http-bio-8777-exec-10,WAITING|45,1,1741607,0
2017-07-20 13:42:00|3|19,EagleEye-AsyncAppender-Thread-TraceLog-atp,TIMED_WAITING|21,1,14036435,10000000
2017-07-20 13:42:00|3|19,Timer-1,TIMED_WAITING|15,1,97621175,70000000
2017-07-20 13:42:00|3|19,http-bio-8777-exec-8,WAITING|43,1,5582749,0
2017-07-20 13:42:00|3|19,Pandora pandora-qos-reporter Pool [Thread-1],TIMED_WAITING|26,1,15387527,10000000
2017-07-20 13:42:00|3|19,JmonitorClient-WriterThread Pool [Thread-1],TIMED_WAITING|30,1,4986240,0
2017-07-20 13:42:00|3|19,http-bio-8777-exec-9,WAITING|44,1,1282718,0
2017-07-20 13:42:00|3|19,JmonitorClient-ReaderThread Pool [Thread-1],TIMED_WAITING|29,1,5753671,0
2017-07-20 13:42:00|3|19,GC Daemon,TIMED_WAITING|10,1,182850,0
2017-07-20 13:42:00|3|19,Signal Dispatcher,RUNNABLE|4,1,129966,0
2017-07-20 13:42:00|3|19,http-bio-8777-exec-3,WAITING|38,1,2540866,0
2017-07-20 13:42:00|3|19,Old I/O server boss ([id: 0x48199394; 0.0.0.0/0.0.0.0:12201]),RUNNABLE|25,1,27966145,20000000
2017-07-20 13:42:00|3|19,scheduleJob-worker--0,TIMED_WAITING|24,1,54356583,40000000
2017-07-20 13:42:00|3|19,JmonitorClient-CheckThread Pool [Thread-1],TIMED_WAITING|27,1,13570857,10000000
2017-07-20 13:42:00|3|19,EagleEye-ScheduleTaskController-worker-thread-1,RUNNABLE|20,1,14115723,10000000
2017-07-20 13:43:00|3|19,Timer-0,TIMED_WAITING|13,1,16141786,10000000
2017-07-20 13:43:00|3|19,EagleEye-StatLogController-roller-thread-1,TIMED_WAITING|19,1,4086887,0
2017-07-20 13:43:00|3|19,http-bio-8777-exec-2,WAITING|37,1,3310399,0
2017-07-20 13:43:00|3|19,Finalizer,WAITING|3,1,39981161,30000000
2017-07-20 13:43:00|3|19,server-timer,TIMED_WAITING|22,1,1967100,0
2017-07-20 13:43:00|3|19,http-bio-8777-exec-4,WAITING|39,1,376630,0
2017-07-20 13:43:00|3|19,EagleEye-AsyncAppender-Thread-BizLog,TIMED_WAITING|17,1,11051968,0
2017-07-20 13:43:00|3|19,JmonitorClient-HeartBeat Pool [Thread-1],TIMED_WAITING|28,1,1198505,0
2017-07-20 13:43:00|3|19,Thread-3,RUNNABLE|14,1,1297774,0
2017-07-20 13:43:00|3|19,http-bio-8777-exec-5,WAITING|40,1,18674200,10000000
2017-07-20 13:43:00|3|19,Thread-7,RUNNABLE|23,1,19867625,10000000
2017-07-20 13:43:00|3|19,http-bio-8777-exec-7,WAITING|42,1,941904,0
2017-07-20 13:43:00|3|19,ContainerBackgroundProcessor[StandardEngine[Catalina]],TIMED_WAITING|31,1,5559843,0
2017-07-20 13:43:00|3|19,http-bio-8777-Acceptor-0,RUNNABLE|32,1,5853425,0
2017-07-20 13:43:00|3|19,EagleEye-LogDaemon-Thread,TIMED_WAITING|18,1,14045277,10000000
2017-07-20 13:43:00|3|19,main,RUNNABLE|1,0,1056575338,910000000
2017-07-20 13:43:00|3|19,http-bio-8777-AsyncTimeout,TIMED_WAITING|33,1,11599210,0
2017-07-20 13:43:00|3|19,EagleEye-StatLogController-writer-thread-1,WAITING|35,1,26005171,20000000
2017-07-20 13:43:00|3|19,EagleEye-AsyncAppender-Thread-RpcLog,TIMED_WAITING|16,1,12558285,0
2017-07-20 13:43:00|3|19,http-bio-8777-exec-6,WAITING|41,1,407359,0
2017-07-20 13:43:00|3|19,http-bio-8777-exec-1,WAITING|36,1,124992937,110000000
2017-07-20 13:43:00|3|19,Reference Handler,WAITING|2,1,33068372,30000000
2017-07-20 13:43:00|3|19,http-bio-8777-exec-10,WAITING|45,1,1741607,0
2017-07-20 13:43:00|3|19,EagleEye-AsyncAppender-Thread-TraceLog-atp,TIMED_WAITING|21,1,20519248,10000000
2017-07-20 13:43:00|3|19,Timer-1,TIMED_WAITING|15,1,137531929,110000000
2017-07-20 13:43:00|3|19,http-bio-8777-exec-8,WAITING|43,1,5582749,0
2017-07-20 13:43:00|3|19,Pandora pandora-qos-reporter Pool [Thread-1],TIMED_WAITING|26,1,15387527,10000000
2017-07-20 13:43:00|3|19,JmonitorClient-WriterThread Pool [Thread-1],TIMED_WAITING|30,1,6935675,0
2017-07-20 13:43:00|3|19,http-bio-8777-exec-9,WAITING|44,1,1282718,0
2017-07-20 13:43:00|3|19,JmonitorClient-ReaderThread Pool [Thread-1],TIMED_WAITING|29,1,8149184,0
2017-07-20 13:43:00|3|19,GC Daemon,TIMED_WAITING|10,1,182850,0
2017-07-20 13:43:00|3|19,Signal Dispatcher,RUNNABLE|4,1,129966,0
2017-07-20 13:43:00|3|19,http-bio-8777-exec-3,WAITING|38,1,2540866,0
2017-07-20 13:43:00|3|19,Old I/O server boss ([id: 0x48199394; 0.0.0.0/0.0.0.0:12201]),RUNNABLE|25,1,38903824,30000000
2017-07-20 13:43:00|3|19,scheduleJob-worker--0,TIMED_WAITING|24,1,72262162,50000000
2017-07-20 13:43:00|3|19,JmonitorClient-CheckThread Pool [Thread-1],TIMED_WAITING|27,1,14856722,10000000
2017-07-20 13:43:00|3|19,EagleEye-ScheduleTaskController-worker-thread-1,RUNNABLE|20,1,17288769,10000000
2017-07-20 13:44:00|3|19,Timer-0,TIMED_WAITING|13,1,20939911,10000000
2017-07-20 13:44:00|3|19,EagleEye-StatLogController-roller-thread-1,TIMED_WAITING|19,1,4859023,0
2017-07-20 13:44:00|3|19,http-bio-8777-exec-2,WAITING|37,1,5415873,0
2017-07-20 13:44:00|3|19,Finalizer,WAITING|3,1,39981161,30000000
2017-07-20 13:44:00|3|19,server-timer,TIMED_WAITING|22,1,2391243,0
2017-07-20 13:44:00|3|19,http-bio-8777-exec-4,WAITING|39,1,422997,0
2017-07-20 13:44:00|3|19,EagleEye-AsyncAppender-Thread-BizLog,TIMED_WAITING|17,1,13720917,10000000
2017-07-20 13:44:00|3|19,JmonitorClient-HeartBeat Pool [Thread-1],TIMED_WAITING|28,1,1341618,0
2017-07-20 13:44:00|3|19,Thread-3,RUNNABLE|14,1,1297774,0
2017-07-20 13:44:00|3|19,http-bio-8777-exec-5,WAITING|40,1,18674200,10000000
2017-07-20 13:44:00|3|19,Thread-7,RUNNABLE|23,1,25523713,20000000
2017-07-20 13:44:00|3|19,http-bio-8777-exec-7,WAITING|42,1,941904,0
2017-07-20 13:44:00|3|19,ContainerBackgroundProcessor[StandardEngine[Catalina]],TIMED_WAITING|31,1,6993465,0
2017-07-20 13:44:00|3|19,http-bio-8777-Acceptor-0,RUNNABLE|32,1,6449709,0
2017-07-20 13:44:00|3|19,EagleEye-LogDaemon-Thread,TIMED_WAITING|18,1,17112078,10000000
2017-07-20 13:44:00|3|19,main,RUNNABLE|1,0,1056575338,910000000
2017-07-20 13:44:00|3|19,http-bio-8777-AsyncTimeout,TIMED_WAITING|33,1,14679293,10000000
2017-07-20 13:44:00|3|19,EagleEye-StatLogController-writer-thread-1,WAITING|35,1,31812345,30000000
2017-07-20 13:44:00|3|19,EagleEye-AsyncAppender-Thread-RpcLog,TIMED_WAITING|16,1,14924409,10000000
2017-07-20 13:44:00|3|19,http-bio-8777-exec-6,WAITING|41,1,454965,0
2017-07-20 13:44:00|3|19,http-bio-8777-exec-1,WAITING|36,1,124992937,110000000
2017-07-20 13:44:00|3|19,Reference Handler,WAITING|2,1,33068372,30000000
2017-07-20 13:44:00|3|19,http-bio-8777-exec-10,WAITING|45,1,1741607,0
2017-07-20 13:44:00|3|19,EagleEye-AsyncAppender-Thread-TraceLog-atp,TIMED_WAITING|21,1,25885661,20000000
2017-07-20 13:44:00|3|19,Timer-1,TIMED_WAITING|15,1,175441618,140000000
2017-07-20 13:44:00|3|19,http-bio-8777-exec-8,WAITING|43,1,5582749,0
2017-07-20 13:44:00|3|19,Pandora pandora-qos-reporter Pool [Thread-1],TIMED_WAITING|26,1,15387527,10000000
2017-07-20 13:44:00|3|19,JmonitorClient-WriterThread Pool [Thread-1],TIMED_WAITING|30,1,8878546,0
2017-07-20 13:44:00|3|19,http-bio-8777-exec-9,WAITING|44,1,1282718,0
2017-07-20 13:44:00|3|19,JmonitorClient-ReaderThread Pool [Thread-1],TIMED_WAITING|29,1,10697556,0
2017-07-20 13:44:00|3|19,GC Daemon,TIMED_WAITING|10,1,182850,0
2017-07-20 13:44:00|3|19,Signal Dispatcher,RUNNABLE|4,1,129966,0
2017-07-20 13:44:00|3|19,http-bio-8777-exec-3,WAITING|38,1,4743181,0
2017-07-20 13:44:00|3|19,Old I/O server boss ([id: 0x48199394; 0.0.0.0/0.0.0.0:12201]),RUNNABLE|25,1,49510968,40000000
2017-07-20 13:44:00|3|19,scheduleJob-worker--0,TIMED_WAITING|24,1,90280007,70000000
2017-07-20 13:44:00|3|19,JmonitorClient-CheckThread Pool [Thread-1],TIMED_WAITING|27,1,15985246,10000000
2017-07-20 13:44:00|3|19,EagleEye-ScheduleTaskController-worker-thread-1,RUNNABLE|20,1,20554081,10000000
2017-07-20 13:45:00|3|19,Timer-0,TIMED_WAITING|13,1,25634171,20000000
2017-07-20 13:45:00|3|19,EagleEye-StatLogController-roller-thread-1,TIMED_WAITING|19,1,5688052,0
2017-07-20 13:45:00|3|19,http-bio-8777-exec-2,WAITING|37,1,5415873,0
2017-07-20 13:45:00|3|19,Finalizer,WAITING|3,1,39981161,30000000
2017-07-20 13:45:00|3|19,server-timer,TIMED_WAITING|22,1,2793871,0
2017-07-20 13:45:00|3|19,http-bio-8777-exec-4,WAITING|39,1,422997,0
2017-07-20 13:45:00|3|19,EagleEye-AsyncAppender-Thread-BizLog,TIMED_WAITING|17,1,16465664,10000000
2017-07-20 13:45:00|3|19,JmonitorClient-HeartBeat Pool [Thread-1],TIMED_WAITING|28,1,1482563,0
2017-07-20 13:45:00|3|19,Thread-3,RUNNABLE|14,1,1297774,0
2017-07-20 13:45:00|3|19,http-bio-8777-exec-5,WAITING|40,1,18721528,10000000
2017-07-20 13:45:00|3|19,Thread-7,RUNNABLE|23,1,31205941,20000000
2017-07-20 13:45:00|3|19,http-bio-8777-exec-7,WAITING|42,1,1992424,0
2017-07-20 13:45:00|3|19,ContainerBackgroundProcessor[StandardEngine[Catalina]],TIMED_WAITING|31,1,8428257,0
2017-07-20 13:45:00|3|19,http-bio-8777-Acceptor-0,RUNNABLE|32,1,6751620,0
2017-07-20 13:45:00|3|19,EagleEye-LogDaemon-Thread,TIMED_WAITING|18,1,20452706,10000000
2017-07-20 13:45:00|3|19,main,RUNNABLE|1,0,1056575338,910000000
2017-07-20 13:45:00|3|19,http-bio-8777-AsyncTimeout,TIMED_WAITING|33,1,18016341,10000000
2017-07-20 13:45:00|3|19,EagleEye-StatLogController-writer-thread-1,WAITING|35,1,37782914,30000000
2017-07-20 13:45:00|3|19,EagleEye-AsyncAppender-Thread-RpcLog,TIMED_WAITING|16,1,17384358,10000000
2017-07-20 13:45:00|3|19,http-bio-8777-exec-6,WAITING|41,1,454965,0
2017-07-20 13:45:00|3|19,http-bio-8777-exec-1,WAITING|36,1,124992937,110000000
2017-07-20 13:45:00|3|19,Reference Handler,WAITING|2,1,33068372,30000000
2017-07-20 13:45:00|3|19,http-bio-8777-exec-10,WAITING|45,1,1741607,0
2017-07-20 13:45:00|3|19,EagleEye-AsyncAppender-Thread-TraceLog-atp,TIMED_WAITING|21,1,32374281,30000000
2017-07-20 13:45:00|3|19,Timer-1,TIMED_WAITING|15,1,213786809,170000000
2017-07-20 13:45:00|3|19,http-bio-8777-exec-8,WAITING|43,1,5582749,0
2017-07-20 13:45:00|3|19,Pandora pandora-qos-reporter Pool [Thread-1],TIMED_WAITING|26,1,15387527,10000000
2017-07-20 13:45:00|3|19,JmonitorClient-WriterThread Pool [Thread-1],TIMED_WAITING|30,1,10794911,0
2017-07-20 13:45:00|3|19,http-bio-8777-exec-9,WAITING|44,1,1282718,0
2017-07-20 13:45:00|3|19,JmonitorClient-ReaderThread Pool [Thread-1],TIMED_WAITING|29,1,13224949,0
2017-07-20 13:45:00|3|19,GC Daemon,TIMED_WAITING|10,1,182850,0
2017-07-20 13:45:00|3|19,Signal Dispatcher,RUNNABLE|4,1,129966,0
2017-07-20 13:45:00|3|19,http-bio-8777-exec-3,WAITING|38,1,4743181,0
2017-07-20 13:45:00|3|19,Old I/O server boss ([id: 0x48199394; 0.0.0.0/0.0.0.0:12201]),RUNNABLE|25,1,60748368,50000000
2017-07-20 13:45:00|3|19,scheduleJob-worker--0,TIMED_WAITING|24,1,104851498,80000000
2017-07-20 13:45:00|3|19,JmonitorClient-CheckThread Pool [Thread-1],TIMED_WAITING|27,1,16968806,10000000
2017-07-20 13:45:00|3|19,EagleEye-ScheduleTaskController-worker-thread-1,RUNNABLE|20,1,23977626,10000000
2017-07-20 13:46:00|3|19,Timer-0,TIMED_WAITING|13,1,30042957,20000000
2017-07-20 13:46:00|3|19,EagleEye-StatLogController-roller-thread-1,TIMED_WAITING|19,1,6505624,0
2017-07-20 13:46:00|3|19,http-bio-8777-exec-2,WAITING|37,1,5415873,0
2017-07-20 13:46:00|3|19,Finalizer,WAITING|3,1,39981161,30000000
2017-07-20 13:46:00|3|19,server-timer,TIMED_WAITING|22,1,3180307,0
2017-07-20 13:46:00|3|19,http-bio-8777-exec-4,WAITING|39,1,422997,0
2017-07-20 13:46:00|3|19,EagleEye-AsyncAppender-Thread-BizLog,TIMED_WAITING|17,1,18492512,10000000
2017-07-20 13:46:00|3|19,JmonitorClient-HeartBeat Pool [Thread-1],TIMED_WAITING|28,1,1601051,0
2017-07-20 13:46:00|3|19,Thread-3,RUNNABLE|14,1,1297774,0
2017-07-20 13:46:00|3|19,http-bio-8777-exec-5,WAITING|40,1,18721528,10000000
2017-07-20 13:46:00|3|19,Thread-7,RUNNABLE|23,1,36235261,30000000
2017-07-20 13:46:00|3|19,http-bio-8777-exec-7,WAITING|42,1,1992424,0
2017-07-20 13:46:00|3|19,ContainerBackgroundProcessor[StandardEngine[Catalina]],TIMED_WAITING|31,1,9859750,0
2017-07-20 13:46:00|3|19,http-bio-8777-Acceptor-0,RUNNABLE|32,1,6751620,0
2017-07-20 13:46:00|3|19,EagleEye-LogDaemon-Thread,TIMED_WAITING|18,1,23757254,10000000
2017-07-20 13:46:00|3|19,main,RUNNABLE|1,0,1056575338,910000000
2017-07-20 13:46:00|3|19,http-bio-8777-AsyncTimeout,TIMED_WAITING|33,1,20969912,10000000
2017-07-20 13:46:00|3|19,EagleEye-StatLogController-writer-thread-1,WAITING|35,1,44281122,40000000
2017-07-20 13:46:00|3|19,EagleEye-AsyncAppender-Thread-RpcLog,TIMED_WAITING|16,1,20058636,10000000
2017-07-20 13:46:00|3|19,http-bio-8777-exec-6,WAITING|41,1,454965,0
2017-07-20 13:46:00|3|19,http-bio-8777-exec-1,WAITING|36,1,124992937,110000000
2017-07-20 13:46:00|3|19,Reference Handler,WAITING|2,1,33068372,30000000
2017-07-20 13:46:00|3|19,http-bio-8777-exec-10,WAITING|45,1,1741607,0
2017-07-20 13:46:00|3|19,EagleEye-AsyncAppender-Thread-TraceLog-atp,TIMED_WAITING|21,1,38360598,30000000
2017-07-20 13:46:00|3|19,Timer-1,TIMED_WAITING|15,1,252242473,200000000
2017-07-20 13:46:00|3|19,http-bio-8777-exec-8,WAITING|43,1,5582749,0
2017-07-20 13:46:00|3|19,Pandora pandora-qos-reporter Pool [Thread-1],TIMED_WAITING|26,1,15387527,10000000
2017-07-20 13:46:00|3|19,JmonitorClient-WriterThread Pool [Thread-1],TIMED_WAITING|30,1,12539299,0
2017-07-20 13:46:00|3|19,http-bio-8777-exec-9,WAITING|44,1,1282718,0
2017-07-20 13:46:00|3|19,JmonitorClient-ReaderThread Pool [Thread-1],TIMED_WAITING|29,1,15617925,0
2017-07-20 13:46:00|3|19,GC Daemon,TIMED_WAITING|10,1,182850,0
2017-07-20 13:46:00|3|19,Signal Dispatcher,RUNNABLE|4,1,129966,0
2017-07-20 13:46:00|3|19,http-bio-8777-exec-3,WAITING|38,1,4743181,0
2017-07-20 13:46:00|3|19,Old I/O server boss ([id: 0x48199394; 0.0.0.0/0.0.0.0:12201]),RUNNABLE|25,1,71868806,60000000
2017-07-20 13:46:00|3|19,scheduleJob-worker--0,TIMED_WAITING|24,1,118781083,100000000
2017-07-20 13:46:00|3|19,JmonitorClient-CheckThread Pool [Thread-1],TIMED_WAITING|27,1,18127340,10000000
2017-07-20 13:46:00|3|19,EagleEye-ScheduleTaskController-worker-thread-1,RUNNABLE|20,1,28502301,20000000
2017-07-20 13:48:00|3|15,http-bio-8777-exec-1,WAITING|35,1,121403907,110000000
2017-07-20 13:48:00|3|15,http-bio-8777-exec-7,WAITING|41,1,1579984,0
2017-07-20 13:48:00|3|15,JmonitorClient-HeartBeat Pool [Thread-1],TIMED_WAITING|28,1,625765,0
2017-07-20 13:48:00|3|15,EagleEye-StatLogController-roller-thread-1,TIMED_WAITING|19,1,299031,0
2017-07-20 13:48:00|3|15,http-bio-8777-AsyncTimeout,TIMED_WAITING|33,1,2216279,0
2017-07-20 13:48:00|3|15,http-bio-8777-exec-5,WAITING|39,1,500344,0
2017-07-20 13:48:00|3|15,scheduleJob-worker--0,TIMED_WAITING|24,1,17675046,10000000
2017-07-20 13:48:00|3|15,EagleEye-LogDaemon-Thread,TIMED_WAITING|18,1,5376210,0
2017-07-20 13:48:00|3|15,JmonitorClient-WriterThread Pool [Thread-1],TIMED_WAITING|30,1,1258933,0
2017-07-20 13:48:00|3|15,Signal Dispatcher,RUNNABLE|4,1,112075,0
2017-07-20 13:48:00|3|15,Thread-7,RUNNABLE|23,1,3999382,0
2017-07-20 13:48:00|3|15,Pandora pandora-qos-reporter Pool [Thread-1],TIMED_WAITING|26,1,12413553,10000000
2017-07-20 13:48:00|3|15,http-bio-8777-exec-2,WAITING|36,1,1373560,0
2017-07-20 13:48:00|3|15,ContainerBackgroundProcessor[StandardEngine[Catalina]],TIMED_WAITING|31,1,1090487,0
2017-07-20 13:48:00|3|15,http-bio-8777-exec-8,WAITING|42,1,521039,0
2017-07-20 13:48:00|3|15,EagleEye-AsyncAppender-Thread-BizLog,TIMED_WAITING|17,1,3426026,0
2017-07-20 13:48:00|3|15,Thread-3,RUNNABLE|14,1,1530186,0
2017-07-20 13:48:00|3|15,JmonitorClient-CheckThread Pool [Thread-1],TIMED_WAITING|27,1,9876150,0
2017-07-20 13:48:00|3|15,http-bio-8777-Acceptor-0,RUNNABLE|32,1,3378647,0
2017-07-20 13:48:00|3|15,Timer-0,TIMED_WAITING|13,1,3389048,0
2017-07-20 13:48:00|3|15,EagleEye-ScheduleTaskController-worker-thread-1,RUNNABLE|20,1,2926152,0
2017-07-20 13:48:00|3|15,http-bio-8777-exec-4,WAITING|38,1,2456615,0
2017-07-20 13:48:00|3|15,Reference Handler,WAITING|2,1,27296501,20000000
2017-07-20 13:48:00|3|15,http-bio-8777-exec-3,WAITING|37,1,1452840,0
2017-07-20 13:48:00|3|15,EagleEye-AsyncAppender-Thread-TraceLog-atp,TIMED_WAITING|21,1,2594274,0
2017-07-20 13:48:00|3|15,main,RUNNABLE|1,0,1019141242,900000000
2017-07-20 13:48:00|3|15,Timer-1,TIMED_WAITING|15,1,27532794,20000000
2017-07-20 13:48:00|3|15,server-timer,TIMED_WAITING|22,1,524445,0
2017-07-20 13:48:00|3|15,http-bio-8777-exec-6,WAITING|40,1,1278003,0
2017-07-20 13:48:00|3|15,EagleEye-AsyncAppender-Thread-RpcLog,TIMED_WAITING|16,1,2431847,0
2017-07-20 13:48:00|3|15,GC Daemon,TIMED_WAITING|10,1,293019,0
2017-07-20 13:48:00|3|15,Finalizer,WAITING|3,1,34798433,30000000
2017-07-20 13:48:00|3|15,Old I/O server boss ([id: 0x52b754bc; 0.0.0.0/0.0.0.0:12201]),RUNNABLE|25,1,7292810,0
2017-07-20 13:48:00|3|15,JmonitorClient-ReaderThread Pool [Thread-1],TIMED_WAITING|29,1,1268371,0
