2017-07-20 13:40:00|3|thread,cputime,EagleEye-AsyncAppender-Thread-BizLog-17|2411245,0
2017-07-20 13:40:00|3|GLOBAL_REQUEST_STAT,BYTE_SEND_RECEIVE,http-bio-8777|0,0
2017-07-20 13:40:00|3|thread,cputime,Finalizer-3|39981161,30000000
2017-07-20 13:40:00|3|memory,HEAP,PS Old Gen|42991616,83016480,133169152,692060160
2017-07-20 13:40:00|3|thread,cputime,JmonitorClient-WriterThread Pool [Thread-1]-30|1110837,0
2017-07-20 13:40:00|3|thread,cputime,JmonitorClient-ReaderThread Pool [Thread-1]-29|1361991,0
2017-07-20 13:40:00|3|thread,cputime,scheduleJob-worker--0-24|16722649,10000000
2017-07-20 13:40:00|3|thread,cputime,Thread-7-23|3462245,0
2017-07-20 13:40:00|3|gc,PS MarkSweep|2,531
2017-07-20 13:40:00|3|thread,cputime,Timer-1-15|20511635,10000000
2017-07-20 13:40:00|3|thread,cputime,GC Daemon-10|182850,0
2017-07-20 13:40:00|3|thread,cputime,EagleEye-AsyncAppender-Thread-RpcLog-16|2250111,0
2017-07-20 13:40:00|3|os,Linux-amd64-3.10.0-327.el7.x86_64|2,1520,4144713728,2147479552,117092352,675807232,2549788672,21040000000
2017-07-20 13:40:00|3|thread,cputime,main-1|1056575338,910000000
2017-07-20 13:40:00|3|thread,cputime,Thread-3-14|1297774,0
2017-07-20 13:40:00|3|GLOBAL_REQUEST_STAT,LONGEST_RESPONSE_TIME,http-bio-8777|0
2017-07-20 13:40:00|3|thread,cputime,Old I/O server boss ([id: 0x48199394 0.0.0.0/0.0.0.0:12201])-25|6192978,0
2017-07-20 13:40:00|3|memory,HEAP|64761152,286928704,405798912,922746880
2017-07-20 13:40:00|3|GLOBAL_REQUEST_STAT,RESPONSE_CODE_OVER_400_COUNT,http-bio-8777|0
2017-07-20 13:40:00|3|gc,PS Scavenge|17,444
2017-07-20 13:40:00|3|thread,count|26,25,28,28
2017-07-20 13:40:00|3|GLOBAL_REQUEST_STAT,PROCESSING_TIME,http-bio-8777|0
2017-07-20 13:40:00|3|thread,cputime,Signal Dispatcher-4|129966,0
2017-07-20 13:40:00|3|classloading|8408,8408,0
2017-07-20 13:40:00|3|GLOBAL_REQUEST_STAT,TOTAL_REQUEST_COUNT,http-bio-8777|0
2017-07-20 13:40:00|3|thread,cputime,EagleEye-LogDaemon-Thread-18|4855315,0
2017-07-20 13:40:00|3|thread,cputime,server-timer-22|492208,0
2017-07-20 13:40:00|3|thread,cputime,Pandora pandora-qos-reporter Pool [Thread-1]-26|15387527,10000000
2017-07-20 13:40:00|3|memory,HEAP,PS Survivor Space|2621440,39702904,39845888,39845888
2017-07-20 13:40:00|3|thread,cputime,JmonitorClient-CheckThread Pool [Thread-1]-27|11324179,10000000
2017-07-20 13:40:00|3|thread,cputime,EagleEye-AsyncAppender-Thread-TraceLog-atp-21|2760044,0
2017-07-20 13:40:00|3|thread,cputime,EagleEye-ScheduleTaskController-worker-thread-1-20|155096,0
2017-07-20 13:40:00|3|thread,cputime,ContainerBackgroundProcessor[StandardEngine[Catalina]]-31|781135,0
2017-07-20 13:40:00|3|thread,cputime,Timer-0-13|2619397,0
2017-07-20 13:40:00|3|thread,cputime,Reference Handler-2|33068372,30000000
2017-07-20 13:40:00|3|memory,NON_HEAP,PS Perm Gen|22020096,47814776,103284736,174063616
2017-07-20 13:40:00|3|GLOBAL_REQUEST_STAT,LONGEST_RESPONSE_START_TIME,http-bio-8777|0
2017-07-20 13:40:00|3|thread,cputime,JmonitorClient-HeartBeat Pool [Thread-1]-28|729135,0
2017-07-20 13:40:00|3|memory,NON_HEAP|24576000,50364856,106037248,224395264
2017-07-20 13:40:00|3|thread,cputime,http-bio-8777-AsyncTimeout-33|1739238,0
2017-07-20 13:40:00|3|memory,HEAP,PS Eden Space|16777216,164209320,232783872,245366784
2017-07-20 13:40:00|3|memory,NON_HEAP,Code Cache|2555904,2550080,2752512,50331648
2017-07-20 13:40:00|3|thread,cputime,EagleEye-StatLogController-roller-thread-1-19|352889,0
2017-07-20 13:40:00|3|thread,cputime,http-bio-8777-Acceptor-0-32|345056,0
2017-07-20 13:40:00|3|thread,state|0,7,0,2,17,0
2017-07-20 13:41:00|3|GLOBAL_REQUEST_STAT,BYTE_SEND_RECEIVE,http-bio-8777|0,0
2017-07-20 13:41:00|3|thread,cputime,EagleEye-AsyncAppender-Thread-RpcLog-16|5825679,0
2017-07-20 13:41:00|3|thread,cputime,Thread-3-14|1297774,0
2017-07-20 13:41:00|3|REQUEST_STAT,PROCESSING_TIME,http-bio-8777,HttpRequest1|39
2017-07-20 13:41:00|3|GLOBAL_REQUEST_STAT,PROCESSING_TIME,http-bio-8777|39
2017-07-20 13:41:00|3|classloading|8704,8704,0
2017-07-20 13:41:00|3|thread,cputime,EagleEye-LogDaemon-Thread-18|8038769,0
2017-07-20 13:41:00|3|thread,cputime,ContainerBackgroundProcessor[StandardEngine[Catalina]]-31|2467364,0
2017-07-20 13:41:00|3|thread,cputime,EagleEye-StatLogController-writer-thread-1-35|13629993,10000000
2017-07-20 13:41:00|3|memory,NON_HEAP,PS Perm Gen|22020096,49249200,103284736,174063616
2017-07-20 13:41:00|3|thread,cputime,http-bio-8777-exec-9-44|1205828,0
2017-07-20 13:41:00|3|thread,cputime,JmonitorClient-HeartBeat Pool [Thread-1]-28|860485,0
2017-07-20 13:41:00|3|memory,NON_HEAP|24576000,51834416,106037248,224395264
2017-07-20 13:41:00|3|memory,NON_HEAP,Code Cache|2555904,2585216,2752512,50331648
2017-07-20 13:41:00|3|thread,cputime,http-bio-8777-exec-4-39|311469,0
2017-07-20 13:41:00|3|thread,cputime,Finalizer-3|39981161,30000000
2017-07-20 13:41:00|3|thread,cputime,http-bio-8777-exec-1-36|124901178,110000000
2017-07-20 13:41:00|3|gc,PS MarkSweep|2,531
2017-07-20 13:41:00|3|thread,cputime,http-bio-8777-exec-3-38|2513078,0
2017-07-20 13:41:00|3|GLOBAL_REQUEST_STAT,LONGEST_RESPONSE_TIME,http-bio-8777|0
2017-07-20 13:41:00|3|REQUEST_STAT,RESPONSE_CODE_OVER_400_COUNT,http-bio-8777,HttpRequest1|4
2017-07-20 13:41:00|3|thread,cputime,http-bio-8777-exec-6-41|376360,0
2017-07-20 13:41:00|3|thread,cputime,Signal Dispatcher-4|129966,0
2017-07-20 13:41:00|3|thread,cputime,http-bio-8777-exec-7-42|903055,0
2017-07-20 13:41:00|3|thread,cputime,http-bio-8777-exec-5-40|1099484,0
2017-07-20 13:41:00|3|thread,cputime,Pandora pandora-qos-reporter Pool [Thread-1]-26|15387527,10000000
2017-07-20 13:41:00|3|memory,HEAP,PS Survivor Space|2621440,39702904,39845888,39845888
2017-07-20 13:41:00|3|thread,cputime,Reference Handler-2|33068372,30000000
2017-07-20 13:41:00|3|thread,cputime,EagleEye-AsyncAppender-Thread-BizLog-17|5313051,0
2017-07-20 13:41:00|3|thread,cputime,http-bio-8777-AsyncTimeout-33|4713604,0
2017-07-20 13:41:00|3|thread,cputime,EagleEye-StatLogController-roller-thread-1-19|2469737,0
2017-07-20 13:41:00|3|thread,state|0,7,0,13,17,0
2017-07-20 13:41:00|3|thread,cputime,scheduleJob-worker--0-24|35874817,30000000
2017-07-20 13:41:00|3|thread,cputime,Timer-1-15|57304921,40000000
2017-07-20 13:41:00|3|thread,cputime,http-bio-8777-exec-8-43|349919,0
2017-07-20 13:41:00|3|os,Linux-amd64-3.10.0-327.el7.x86_64|2,560,4144713728,2147479552,108867584,632225792,2559262720,21440000000
2017-07-20 13:41:00|3|REQUEST_STAT,LONGEST_RESPONSE_TIME,http-bio-8777,HttpRequest1|0
2017-07-20 13:41:00|3|thread,cputime,Old I/O server boss ([id: 0x48199394 0.0.0.0/0.0.0.0:12201])-25|17073978,10000000
2017-07-20 13:41:00|3|GLOBAL_REQUEST_STAT,RESPONSE_CODE_OVER_400_COUNT,http-bio-8777|4
2017-07-20 13:41:00|3|thread,count|37,36,37,39
2017-07-20 13:41:00|3|REQUEST_STAT,TOTAL_REQUEST_COUNT,http-bio-8777,HttpRequest1|6
2017-07-20 13:41:00|3|thread,cputime,JmonitorClient-CheckThread Pool [Thread-1]-27|12493527,10000000
2017-07-20 13:41:00|3|REQUEST_STAT,LONGEST_RESPONSE_START_TIME,http-bio-8777,HttpRequest1|1500529261588
2017-07-20 13:41:00|3|GLOBAL_REQUEST_STAT,LONGEST_RESPONSE_START_TIME,http-bio-8777|0
2017-07-20 13:41:00|3|thread,cputime,http-bio-8777-exec-2-37|1262016,0
2017-07-20 13:41:00|3|thread,cputime,http-bio-8777-Acceptor-0-32|4847364,0
2017-07-20 13:41:00|3|thread,cputime,http-bio-8777-exec-10-45|1694362,0
2017-07-20 13:41:00|3|memory,HEAP,PS Old Gen|42991616,83016480,133169152,692060160
2017-07-20 13:41:00|3|thread,cputime,JmonitorClient-WriterThread Pool [Thread-1]-30|3074022,0
2017-07-20 13:41:00|3|thread,cputime,JmonitorClient-ReaderThread Pool [Thread-1]-29|3561302,0
2017-07-20 13:41:00|3|thread,cputime,Thread-7-23|8894286,0
2017-07-20 13:41:00|3|thread,cputime,GC Daemon-10|182850,0
2017-07-20 13:41:00|3|thread,cputime,main-1|1056575338,910000000
2017-07-20 13:41:00|3|memory,HEAP|64761152,316270832,405798912,922746880
2017-07-20 13:41:00|3|gc,PS Scavenge|17,444
2017-07-20 13:41:00|3|GLOBAL_REQUEST_STAT,TOTAL_REQUEST_COUNT,http-bio-8777|6
2017-07-20 13:41:00|3|thread,cputime,server-timer-22|877578,0
2017-07-20 13:41:00|3|thread,cputime,EagleEye-AsyncAppender-Thread-TraceLog-atp-21|7687385,0
2017-07-20 13:41:00|3|thread,cputime,EagleEye-ScheduleTaskController-worker-thread-1-20|8896191,0
2017-07-20 13:41:00|3|thread,cputime,Timer-0-13|6837230,0
2017-07-20 13:41:00|3|REQUEST_STAT,BYTE_SEND_RECEIVE,http-bio-8777,HttpRequest1|0,0
2017-07-20 13:41:00|3|memory,HEAP,PS Eden Space|16777216,193551448,232783872,245366784
2017-07-20 13:42:00|3|GLOBAL_REQUEST_STAT,BYTE_SEND_RECEIVE,http-bio-8777|2925,0
2017-07-20 13:42:00|3|thread,cputime,EagleEye-AsyncAppender-Thread-RpcLog-16|9151037,0
2017-07-20 13:42:00|3|thread,cputime,Thread-3-14|1297774,0
2017-07-20 13:42:00|3|REQUEST_STAT,PROCESSING_TIME,http-bio-8777,HttpRequest1|84
2017-07-20 13:42:00|3|GLOBAL_REQUEST_STAT,PROCESSING_TIME,http-bio-8777|84
2017-07-20 13:42:00|3|classloading|8718,8718,0
2017-07-20 13:42:00|3|thread,cputime,EagleEye-LogDaemon-Thread-18|11119583,0
2017-07-20 13:42:00|3|thread,cputime,ContainerBackgroundProcessor[StandardEngine[Catalina]]-31|3979619,0
2017-07-20 13:42:00|3|thread,cputime,EagleEye-StatLogController-writer-thread-1-35|20095442,20000000
2017-07-20 13:42:00|3|memory,NON_HEAP,PS Perm Gen|22020096,49378032,103284736,174063616
2017-07-20 13:42:00|3|thread,cputime,http-bio-8777-exec-9-44|1282718,0
2017-07-20 13:42:00|3|thread,cputime,JmonitorClient-HeartBeat Pool [Thread-1]-28|993228,0
2017-07-20 13:42:00|3|memory,NON_HEAP|24576000,51963248,106037248,224395264
2017-07-20 13:42:00|3|memory,NON_HEAP,Code Cache|2555904,2585216,2752512,50331648
2017-07-20 13:42:00|3|thread,cputime,http-bio-8777-exec-4-39|376630,0
2017-07-20 13:42:00|3|thread,cputime,Finalizer-3|39981161,30000000
2017-07-20 13:42:00|3|thread,cputime,http-bio-8777-exec-1-36|124992937,110000000
2017-07-20 13:42:00|3|gc,PS MarkSweep|2,531
2017-07-20 13:42:00|3|thread,cputime,http-bio-8777-exec-3-38|2540866,0
2017-07-20 13:42:00|3|GLOBAL_REQUEST_STAT,LONGEST_RESPONSE_TIME,http-bio-8777|0
2017-07-20 13:42:00|3|REQUEST_STAT,RESPONSE_CODE_OVER_400_COUNT,http-bio-8777,HttpRequest1|9
2017-07-20 13:42:00|3|thread,cputime,http-bio-8777-exec-6-41|407359,0
2017-07-20 13:42:00|3|thread,cputime,Signal Dispatcher-4|129966,0
2017-07-20 13:42:00|3|thread,cputime,http-bio-8777-exec-7-42|941904,0
2017-07-20 13:42:00|3|thread,cputime,http-bio-8777-exec-5-40|18674200,10000000
2017-07-20 13:42:00|3|thread,cputime,Pandora pandora-qos-reporter Pool [Thread-1]-26|15387527,10000000
2017-07-20 13:42:00|3|memory,HEAP,PS Survivor Space|2621440,39702904,39845888,39845888
2017-07-20 13:42:00|3|thread,cputime,Reference Handler-2|33068372,30000000
2017-07-20 13:42:00|3|thread,cputime,EagleEye-AsyncAppender-Thread-BizLog-17|8220706,0
2017-07-20 13:42:00|3|thread,cputime,http-bio-8777-AsyncTimeout-33|8325526,0
2017-07-20 13:42:00|3|thread,cputime,EagleEye-StatLogController-roller-thread-1-19|3306600,0
2017-07-20 13:42:00|3|thread,state|0,7,0,13,17,0
2017-07-20 13:42:00|3|thread,cputime,scheduleJob-worker--0-24|51693365,40000000
2017-07-20 13:42:00|3|thread,cputime,Timer-1-15|97347313,70000000
2017-07-20 13:42:00|3|thread,cputime,http-bio-8777-exec-8-43|5582749,0
2017-07-20 13:42:00|3|os,Linux-amd64-3.10.0-327.el7.x86_64|2,200,4144713728,2147479552,109305856,628908032,2559262720,21620000000
2017-07-20 13:42:00|3|REQUEST_STAT,LONGEST_RESPONSE_TIME,http-bio-8777,HttpRequest1|0
2017-07-20 13:42:00|3|thread,cputime,Old I/O server boss ([id: 0x48199394 0.0.0.0/0.0.0.0:12201])-25|27796841,20000000
2017-07-20 13:42:00|3|GLOBAL_REQUEST_STAT,RESPONSE_CODE_OVER_400_COUNT,http-bio-8777|9
2017-07-20 13:42:00|3|thread,count|37,36,37,39
2017-07-20 13:42:00|3|REQUEST_STAT,TOTAL_REQUEST_COUNT,http-bio-8777,HttpRequest1|13
2017-07-20 13:42:00|3|thread,cputime,JmonitorClient-CheckThread Pool [Thread-1]-27|13570857,10000000
2017-07-20 13:42:00|3|REQUEST_STAT,LONGEST_RESPONSE_START_TIME,http-bio-8777,HttpRequest1|1500529324933
2017-07-20 13:42:00|3|GLOBAL_REQUEST_STAT,LONGEST_RESPONSE_START_TIME,http-bio-8777|0
2017-07-20 13:42:00|3|thread,cputime,http-bio-8777-exec-2-37|3310399,0
2017-07-20 13:42:00|3|thread,cputime,http-bio-8777-Acceptor-0-32|5853425,0
2017-07-20 13:42:00|3|thread,cputime,http-bio-8777-exec-10-45|1741607,0
2017-07-20 13:42:00|3|memory,HEAP,PS Old Gen|42991616,83016480,133169152,692060160
2017-07-20 13:42:00|3|thread,cputime,JmonitorClient-WriterThread Pool [Thread-1]-30|4962854,0
2017-07-20 13:42:00|3|thread,cputime,JmonitorClient-ReaderThread Pool [Thread-1]-29|5726238,0
2017-07-20 13:42:00|3|thread,cputime,Thread-7-23|14243164,10000000
2017-07-20 13:42:00|3|thread,cputime,GC Daemon-10|182850,0
2017-07-20 13:42:00|3|thread,cputime,main-1|1056575338,910000000
2017-07-20 13:42:00|3|memory,HEAP|64761152,316270880,405798912,922746880
2017-07-20 13:42:00|3|gc,PS Scavenge|17,444
2017-07-20 13:42:00|3|GLOBAL_REQUEST_STAT,TOTAL_REQUEST_COUNT,http-bio-8777|13
2017-07-20 13:42:00|3|thread,cputime,server-timer-22|1321841,0
2017-07-20 13:42:00|3|thread,cputime,EagleEye-AsyncAppender-Thread-TraceLog-atp-21|13944158,10000000
2017-07-20 13:42:00|3|thread,cputime,EagleEye-ScheduleTaskController-worker-thread-1-20|12766950,0
2017-07-20 13:42:00|3|thread,cputime,Timer-0-13|11263321,0
2017-07-20 13:42:00|3|REQUEST_STAT,BYTE_SEND_RECEIVE,http-bio-8777,HttpRequest1|2925,0
2017-07-20 13:42:00|3|memory,HEAP,PS Eden Space|16777216,193551496,232783872,245366784
2017-07-20 13:43:00|3|GLOBAL_REQUEST_STAT,BYTE_SEND_RECEIVE,http-bio-8777|2925,0
2017-07-20 13:43:00|3|thread,cputime,EagleEye-AsyncAppender-Thread-RpcLog-16|12519969,0
2017-07-20 13:43:00|3|thread,cputime,Thread-3-14|1297774,0
2017-07-20 13:43:00|3|REQUEST_STAT,PROCESSING_TIME,http-bio-8777,HttpRequest1|84
2017-07-20 13:43:00|3|GLOBAL_REQUEST_STAT,PROCESSING_TIME,http-bio-8777|84
2017-07-20 13:43:00|3|classloading|8718,8718,0
2017-07-20 13:43:00|3|thread,cputime,EagleEye-LogDaemon-Thread-18|14045277,10000000
2017-07-20 13:43:00|3|thread,cputime,ContainerBackgroundProcessor[StandardEngine[Catalina]]-31|5559843,0
2017-07-20 13:43:00|3|thread,cputime,EagleEye-StatLogController-writer-thread-1-35|26005171,20000000
2017-07-20 13:43:00|3|memory,NON_HEAP,PS Perm Gen|22020096,49384472,103284736,174063616
2017-07-20 13:43:00|3|thread,cputime,http-bio-8777-exec-9-44|1282718,0
2017-07-20 13:43:00|3|thread,cputime,JmonitorClient-HeartBeat Pool [Thread-1]-28|1198505,0
2017-07-20 13:43:00|3|memory,NON_HEAP|24576000,51972120,106037248,224395264
2017-07-20 13:43:00|3|memory,NON_HEAP,Code Cache|2555904,2587648,2752512,50331648
2017-07-20 13:43:00|3|thread,cputime,http-bio-8777-exec-4-39|376630,0
2017-07-20 13:43:00|3|thread,cputime,Finalizer-3|39981161,30000000
2017-07-20 13:43:00|3|thread,cputime,http-bio-8777-exec-1-36|124992937,110000000
2017-07-20 13:43:00|3|gc,PS MarkSweep|2,531
2017-07-20 13:43:00|3|thread,cputime,http-bio-8777-exec-3-38|2540866,0
2017-07-20 13:43:00|3|GLOBAL_REQUEST_STAT,LONGEST_RESPONSE_TIME,http-bio-8777|0
2017-07-20 13:43:00|3|REQUEST_STAT,RESPONSE_CODE_OVER_400_COUNT,http-bio-8777,HttpRequest1|9
2017-07-20 13:43:00|3|thread,cputime,http-bio-8777-exec-6-41|407359,0
2017-07-20 13:43:00|3|thread,cputime,Signal Dispatcher-4|129966,0
2017-07-20 13:43:00|3|thread,cputime,http-bio-8777-exec-7-42|941904,0
2017-07-20 13:43:00|3|thread,cputime,http-bio-8777-exec-5-40|18674200,10000000
2017-07-20 13:43:00|3|thread,cputime,Pandora pandora-qos-reporter Pool [Thread-1]-26|15387527,10000000
2017-07-20 13:43:00|3|memory,HEAP,PS Survivor Space|2621440,39702904,39845888,39845888
2017-07-20 13:43:00|3|thread,cputime,Reference Handler-2|33068372,30000000
2017-07-20 13:43:00|3|thread,cputime,EagleEye-AsyncAppender-Thread-BizLog-17|11026835,0
2017-07-20 13:43:00|3|thread,cputime,http-bio-8777-AsyncTimeout-33|11599210,0
2017-07-20 13:43:00|3|thread,cputime,EagleEye-StatLogController-roller-thread-1-19|4086887,0
2017-07-20 13:43:00|3|thread,state|0,7,0,13,17,0
2017-07-20 13:43:00|3|thread,cputime,scheduleJob-worker--0-24|69664937,50000000
2017-07-20 13:43:00|3|thread,cputime,Timer-1-15|137239126,110000000
2017-07-20 13:43:00|3|thread,cputime,http-bio-8777-exec-8-43|5582749,0
2017-07-20 13:43:00|3|os,Linux-amd64-3.10.0-327.el7.x86_64|2,110,4144713728,2147479552,123977728,626778112,2559262720,21770000000
2017-07-20 13:43:00|3|REQUEST_STAT,LONGEST_RESPONSE_TIME,http-bio-8777,HttpRequest1|0
2017-07-20 13:43:00|3|thread,cputime,Old I/O server boss ([id: 0x48199394 0.0.0.0/0.0.0.0:12201])-25|38756456,30000000
2017-07-20 13:43:00|3|GLOBAL_REQUEST_STAT,RESPONSE_CODE_OVER_400_COUNT,http-bio-8777|9
2017-07-20 13:43:00|3|thread,count|37,36,37,39
2017-07-20 13:43:00|3|REQUEST_STAT,TOTAL_REQUEST_COUNT,http-bio-8777,HttpRequest1|13
2017-07-20 13:43:00|3|thread,cputime,JmonitorClient-CheckThread Pool [Thread-1]-27|14856722,10000000
2017-07-20 13:43:00|3|REQUEST_STAT,LONGEST_RESPONSE_START_TIME,http-bio-8777,HttpRequest1|1500529324933
2017-07-20 13:43:00|3|GLOBAL_REQUEST_STAT,LONGEST_RESPONSE_START_TIME,http-bio-8777|0
2017-07-20 13:43:00|3|thread,cputime,http-bio-8777-exec-2-37|3310399,0
2017-07-20 13:43:00|3|thread,cputime,http-bio-8777-Acceptor-0-32|5853425,0
2017-07-20 13:43:00|3|thread,cputime,http-bio-8777-exec-10-45|1741607,0
2017-07-20 13:43:00|3|memory,HEAP,PS Old Gen|42991616,83016480,133169152,692060160
2017-07-20 13:43:00|3|thread,cputime,JmonitorClient-WriterThread Pool [Thread-1]-30|6914291,0
2017-07-20 13:43:00|3|thread,cputime,JmonitorClient-ReaderThread Pool [Thread-1]-29|8116408,0
2017-07-20 13:43:00|3|thread,cputime,Thread-7-23|19798395,10000000
2017-07-20 13:43:00|3|thread,cputime,GC Daemon-10|182850,0
2017-07-20 13:43:00|3|thread,cputime,main-1|1056575338,910000000
2017-07-20 13:43:00|3|memory,HEAP|64761152,316270928,405798912,922746880
2017-07-20 13:43:00|3|gc,PS Scavenge|17,444
2017-07-20 13:43:00|3|GLOBAL_REQUEST_STAT,TOTAL_REQUEST_COUNT,http-bio-8777|13
2017-07-20 13:43:00|3|thread,cputime,server-timer-22|1967100,0
2017-07-20 13:43:00|3|thread,cputime,EagleEye-AsyncAppender-Thread-TraceLog-atp-21|20440139,10000000
2017-07-20 13:43:00|3|thread,cputime,EagleEye-ScheduleTaskController-worker-thread-1-20|16098359,10000000
2017-07-20 13:43:00|3|thread,cputime,Timer-0-13|16141786,10000000
2017-07-20 13:43:00|3|REQUEST_STAT,BYTE_SEND_RECEIVE,http-bio-8777,HttpRequest1|2925,0
2017-07-20 13:43:00|3|memory,HEAP,PS Eden Space|16777216,193551544,232783872,245366784
2017-07-20 13:44:00|3|GLOBAL_REQUEST_STAT,BYTE_SEND_RECEIVE,http-bio-8777|4867,0
2017-07-20 13:44:00|3|thread,cputime,EagleEye-AsyncAppender-Thread-RpcLog-16|14884496,10000000
2017-07-20 13:44:00|3|thread,cputime,Thread-3-14|1297774,0
2017-07-20 13:44:00|3|REQUEST_STAT,PROCESSING_TIME,http-bio-8777,HttpRequest1|87
2017-07-20 13:44:00|3|GLOBAL_REQUEST_STAT,PROCESSING_TIME,http-bio-8777|87
2017-07-20 13:44:00|3|classloading|8718,8718,0
2017-07-20 13:44:00|3|thread,cputime,EagleEye-LogDaemon-Thread-18|17112078,10000000
2017-07-20 13:44:00|3|thread,cputime,ContainerBackgroundProcessor[StandardEngine[Catalina]]-31|6993465,0
2017-07-20 13:44:00|3|thread,cputime,EagleEye-StatLogController-writer-thread-1-35|31812345,30000000
2017-07-20 13:44:00|3|memory,NON_HEAP,PS Perm Gen|22020096,49388440,103284736,174063616
2017-07-20 13:44:00|3|thread,cputime,http-bio-8777-exec-9-44|1282718,0
2017-07-20 13:44:00|3|thread,cputime,JmonitorClient-HeartBeat Pool [Thread-1]-28|1341618,0
2017-07-20 13:44:00|3|memory,NON_HEAP|24576000,51977752,106037248,224395264
2017-07-20 13:44:00|3|memory,NON_HEAP,Code Cache|2555904,2589312,2752512,50331648
2017-07-20 13:44:00|3|thread,cputime,http-bio-8777-exec-4-39|422997,0
2017-07-20 13:44:00|3|thread,cputime,Finalizer-3|39981161,30000000
2017-07-20 13:44:00|3|thread,cputime,http-bio-8777-exec-1-36|124992937,110000000
2017-07-20 13:44:00|3|gc,PS MarkSweep|2,531
2017-07-20 13:44:00|3|thread,cputime,http-bio-8777-exec-3-38|4743181,0
2017-07-20 13:44:00|3|GLOBAL_REQUEST_STAT,LONGEST_RESPONSE_TIME,http-bio-8777|0
2017-07-20 13:44:00|3|REQUEST_STAT,RESPONSE_CODE_OVER_400_COUNT,http-bio-8777,HttpRequest1|11
2017-07-20 13:44:00|3|thread,cputime,http-bio-8777-exec-6-41|454965,0
2017-07-20 13:44:00|3|thread,cputime,Signal Dispatcher-4|129966,0
2017-07-20 13:44:00|3|thread,cputime,http-bio-8777-exec-7-42|941904,0
2017-07-20 13:44:00|3|thread,cputime,http-bio-8777-exec-5-40|18674200,10000000
2017-07-20 13:44:00|3|thread,cputime,Pandora pandora-qos-reporter Pool [Thread-1]-26|15387527,10000000
2017-07-20 13:44:00|3|memory,HEAP,PS Survivor Space|2621440,39702904,39845888,39845888
2017-07-20 13:44:00|3|thread,cputime,Reference Handler-2|33068372,30000000
2017-07-20 13:44:00|3|thread,cputime,EagleEye-AsyncAppender-Thread-BizLog-17|13641078,10000000
2017-07-20 13:44:00|3|thread,cputime,http-bio-8777-AsyncTimeout-33|14679293,10000000
2017-07-20 13:44:00|3|thread,cputime,EagleEye-StatLogController-roller-thread-1-19|4859023,0
2017-07-20 13:44:00|3|thread,state|0,7,0,13,17,0
2017-07-20 13:44:00|3|thread,cputime,scheduleJob-worker--0-24|87359306,70000000
2017-07-20 13:44:00|3|thread,cputime,Timer-1-15|175062993,140000000
2017-07-20 13:44:00|3|thread,cputime,http-bio-8777-exec-8-43|5582749,0
2017-07-20 13:44:00|3|os,Linux-amd64-3.10.0-327.el7.x86_64|2,140,4144713728,2147479552,111034368,629071872,2559262720,21930000000
2017-07-20 13:44:00|3|REQUEST_STAT,LONGEST_RESPONSE_TIME,http-bio-8777,HttpRequest1|0
2017-07-20 13:44:00|3|thread,cputime,Old I/O server boss ([id: 0x48199394 0.0.0.0/0.0.0.0:12201])-25|49330953,40000000
2017-07-20 13:44:00|3|GLOBAL_REQUEST_STAT,RESPONSE_CODE_OVER_400_COUNT,http-bio-8777|11
2017-07-20 13:44:00|3|thread,count|37,36,37,39
2017-07-20 13:44:00|3|REQUEST_STAT,TOTAL_REQUEST_COUNT,http-bio-8777,HttpRequest1|15
2017-07-20 13:44:00|3|thread,cputime,JmonitorClient-CheckThread Pool [Thread-1]-27|15985246,10000000
2017-07-20 13:44:00|3|REQUEST_STAT,LONGEST_RESPONSE_START_TIME,http-bio-8777,HttpRequest1|1500529439658
2017-07-20 13:44:00|3|GLOBAL_REQUEST_STAT,LONGEST_RESPONSE_START_TIME,http-bio-8777|0
2017-07-20 13:44:00|3|thread,cputime,http-bio-8777-exec-2-37|5415873,0
2017-07-20 13:44:00|3|thread,cputime,http-bio-8777-Acceptor-0-32|6449709,0
2017-07-20 13:44:00|3|thread,cputime,http-bio-8777-exec-10-45|1741607,0
2017-07-20 13:44:00|3|memory,HEAP,PS Old Gen|42991616,83016480,133169152,692060160
2017-07-20 13:44:00|3|thread,cputime,JmonitorClient-WriterThread Pool [Thread-1]-30|8843138,0
2017-07-20 13:44:00|3|thread,cputime,JmonitorClient-ReaderThread Pool [Thread-1]-29|10663532,0
2017-07-20 13:44:00|3|thread,cputime,Thread-7-23|25420499,20000000
2017-07-20 13:44:00|3|thread,cputime,GC Daemon-10|182850,0
2017-07-20 13:44:00|3|thread,cputime,main-1|1056575338,910000000
2017-07-20 13:44:00|3|memory,HEAP|64761152,316270976,405798912,922746880
2017-07-20 13:44:00|3|gc,PS Scavenge|17,444
2017-07-20 13:44:00|3|GLOBAL_REQUEST_STAT,TOTAL_REQUEST_COUNT,http-bio-8777|15
2017-07-20 13:44:00|3|thread,cputime,server-timer-22|2391243,0
2017-07-20 13:44:00|3|thread,cputime,EagleEye-AsyncAppender-Thread-TraceLog-atp-21|25783509,20000000
2017-07-20 13:44:00|3|thread,cputime,EagleEye-ScheduleTaskController-worker-thread-1-20|19359306,10000000
2017-07-20 13:44:00|3|thread,cputime,Timer-0-13|20939911,10000000
2017-07-20 13:44:00|3|REQUEST_STAT,BYTE_SEND_RECEIVE,http-bio-8777,HttpRequest1|4867,0
2017-07-20 13:44:00|3|memory,HEAP,PS Eden Space|16777216,193551592,232783872,245366784
2017-07-20 13:45:00|3|GLOBAL_REQUEST_STAT,BYTE_SEND_RECEIVE,http-bio-8777|4867,0
2017-07-20 13:45:00|3|thread,cputime,EagleEye-AsyncAppender-Thread-RpcLog-16|17350528,10000000
2017-07-20 13:45:00|3|thread,cputime,Thread-3-14|1297774,0
2017-07-20 13:45:00|3|REQUEST_STAT,PROCESSING_TIME,http-bio-8777,HttpRequest1|87
2017-07-20 13:45:00|3|GLOBAL_REQUEST_STAT,PROCESSING_TIME,http-bio-8777|87
2017-07-20 13:45:00|3|classloading|8718,8718,0
2017-07-20 13:45:00|3|thread,cputime,EagleEye-LogDaemon-Thread-18|20452706,10000000
2017-07-20 13:45:00|3|thread,cputime,ContainerBackgroundProcessor[StandardEngine[Catalina]]-31|8428257,0
2017-07-20 13:45:00|3|thread,cputime,EagleEye-StatLogController-writer-thread-1-35|37782914,30000000
2017-07-20 13:45:00|3|memory,NON_HEAP,PS Perm Gen|22020096,49392944,103284736,174063616
2017-07-20 13:45:00|3|thread,cputime,http-bio-8777-exec-9-44|1282718,0
2017-07-20 13:45:00|3|thread,cputime,JmonitorClient-HeartBeat Pool [Thread-1]-28|1482563,0
2017-07-20 13:45:00|3|memory,NON_HEAP|24576000,52001200,106037248,224395264
2017-07-20 13:45:00|3|memory,NON_HEAP,Code Cache|2555904,2608256,2752512,50331648
2017-07-20 13:45:00|3|thread,cputime,http-bio-8777-exec-4-39|422997,0
2017-07-20 13:45:00|3|thread,cputime,Finalizer-3|39981161,30000000
2017-07-20 13:45:00|3|thread,cputime,http-bio-8777-exec-1-36|124992937,110000000
2017-07-20 13:45:00|3|gc,PS MarkSweep|2,531
2017-07-20 13:45:00|3|thread,cputime,http-bio-8777-exec-3-38|4743181,0
2017-07-20 13:45:00|3|GLOBAL_REQUEST_STAT,LONGEST_RESPONSE_TIME,http-bio-8777|0
2017-07-20 13:45:00|3|REQUEST_STAT,RESPONSE_CODE_OVER_400_COUNT,http-bio-8777,HttpRequest1|11
2017-07-20 13:45:00|3|thread,cputime,http-bio-8777-exec-6-41|454965,0
2017-07-20 13:45:00|3|thread,cputime,Signal Dispatcher-4|129966,0
2017-07-20 13:45:00|3|thread,cputime,http-bio-8777-exec-7-42|1992424,0
2017-07-20 13:45:00|3|thread,cputime,http-bio-8777-exec-5-40|18721528,10000000
2017-07-20 13:45:00|3|thread,cputime,Pandora pandora-qos-reporter Pool [Thread-1]-26|15387527,10000000
2017-07-20 13:45:00|3|memory,HEAP,PS Survivor Space|2621440,39702904,39845888,39845888
2017-07-20 13:45:00|3|thread,cputime,Reference Handler-2|33068372,30000000
2017-07-20 13:45:00|3|thread,cputime,EagleEye-AsyncAppender-Thread-BizLog-17|16421382,10000000
2017-07-20 13:45:00|3|thread,cputime,http-bio-8777-AsyncTimeout-33|18016341,10000000
2017-07-20 13:45:00|3|thread,cputime,EagleEye-StatLogController-roller-thread-1-19|5688052,0
2017-07-20 13:45:00|3|thread,state|0,7,0,13,17,0
2017-07-20 13:45:00|3|thread,cputime,scheduleJob-worker--0-24|102582136,80000000
2017-07-20 13:45:00|3|thread,cputime,Timer-1-15|213510074,170000000
2017-07-20 13:45:00|3|thread,cputime,http-bio-8777-exec-8-43|5582749,0
2017-07-20 13:45:00|3|os,Linux-amd64-3.10.0-327.el7.x86_64|2,160,4144713728,2147479552,117243904,624558080,2559262720,22120000000
2017-07-20 13:45:00|3|REQUEST_STAT,LONGEST_RESPONSE_TIME,http-bio-8777,HttpRequest1|0
2017-07-20 13:45:00|3|thread,cputime,Old I/O server boss ([id: 0x48199394 0.0.0.0/0.0.0.0:12201])-25|60577728,50000000
2017-07-20 13:45:00|3|GLOBAL_REQUEST_STAT,RESPONSE_CODE_OVER_400_COUNT,http-bio-8777|11
2017-07-20 13:45:00|3|thread,count|37,36,37,39
2017-07-20 13:45:00|3|REQUEST_STAT,TOTAL_REQUEST_COUNT,http-bio-8777,HttpRequest1|16
2017-07-20 13:45:00|3|thread,cputime,JmonitorClient-CheckThread Pool [Thread-1]-27|16968806,10000000
2017-07-20 13:45:00|3|REQUEST_STAT,LONGEST_RESPONSE_START_TIME,http-bio-8777,HttpRequest1|1500529439658
2017-07-20 13:45:00|3|GLOBAL_REQUEST_STAT,LONGEST_RESPONSE_START_TIME,http-bio-8777|0
2017-07-20 13:45:00|3|thread,cputime,http-bio-8777-exec-2-37|5415873,0
2017-07-20 13:45:00|3|thread,cputime,http-bio-8777-Acceptor-0-32|6751620,0
2017-07-20 13:45:00|3|thread,cputime,http-bio-8777-exec-10-45|1741607,0
2017-07-20 13:45:00|3|memory,HEAP,PS Old Gen|42991616,83016480,133169152,692060160
2017-07-20 13:45:00|3|thread,cputime,JmonitorClient-WriterThread Pool [Thread-1]-30|10761693,0
2017-07-20 13:45:00|3|thread,cputime,JmonitorClient-ReaderThread Pool [Thread-1]-29|13196815,0
2017-07-20 13:45:00|3|thread,cputime,Thread-7-23|31134225,20000000
2017-07-20 13:45:00|3|thread,cputime,GC Daemon-10|182850,0
2017-07-20 13:45:00|3|thread,cputime,main-1|1056575338,910000000
2017-07-20 13:45:00|3|memory,HEAP|64761152,316271024,405798912,922746880
2017-07-20 13:45:00|3|gc,PS Scavenge|17,444
2017-07-20 13:45:00|3|GLOBAL_REQUEST_STAT,TOTAL_REQUEST_COUNT,http-bio-8777|16
2017-07-20 13:45:00|3|thread,cputime,server-timer-22|2793871,0
2017-07-20 13:45:00|3|thread,cputime,EagleEye-AsyncAppender-Thread-TraceLog-atp-21|32292395,30000000
2017-07-20 13:45:00|3|thread,cputime,EagleEye-ScheduleTaskController-worker-thread-1-20|22701426,10000000
2017-07-20 13:45:00|3|thread,cputime,Timer-0-13|25634171,20000000
2017-07-20 13:45:00|3|REQUEST_STAT,BYTE_SEND_RECEIVE,http-bio-8777,HttpRequest1|4867,0
2017-07-20 13:45:00|3|memory,HEAP,PS Eden Space|16777216,193551640,232783872,245366784
2017-07-20 13:46:00|3|GLOBAL_REQUEST_STAT,BYTE_SEND_RECEIVE,http-bio-8777|4867,0
2017-07-20 13:46:00|3|thread,cputime,EagleEye-AsyncAppender-Thread-RpcLog-16|20012799,10000000
2017-07-20 13:46:00|3|thread,cputime,Thread-3-14|1297774,0
2017-07-20 13:46:00|3|REQUEST_STAT,PROCESSING_TIME,http-bio-8777,HttpRequest1|87
2017-07-20 13:46:00|3|GLOBAL_REQUEST_STAT,PROCESSING_TIME,http-bio-8777|87
2017-07-20 13:46:00|3|classloading|8718,8718,0
2017-07-20 13:46:00|3|thread,cputime,EagleEye-LogDaemon-Thread-18|23757254,10000000
2017-07-20 13:46:00|3|thread,cputime,ContainerBackgroundProcessor[StandardEngine[Catalina]]-31|9859750,0
2017-07-20 13:46:00|3|thread,cputime,EagleEye-StatLogController-writer-thread-1-35|44281122,40000000
2017-07-20 13:46:00|3|memory,NON_HEAP,PS Perm Gen|22020096,49394128,103284736,174063616
2017-07-20 13:46:00|3|thread,cputime,http-bio-8777-exec-9-44|1282718,0
2017-07-20 13:46:00|3|thread,cputime,JmonitorClient-HeartBeat Pool [Thread-1]-28|1601051,0
2017-07-20 13:46:00|3|memory,NON_HEAP|24576000,52003216,106037248,224395264
2017-07-20 13:46:00|3|memory,NON_HEAP,Code Cache|2555904,2609088,2752512,50331648
2017-07-20 13:46:00|3|thread,cputime,http-bio-8777-exec-4-39|422997,0
2017-07-20 13:46:00|3|thread,cputime,Finalizer-3|39981161,30000000
2017-07-20 13:46:00|3|thread,cputime,http-bio-8777-exec-1-36|124992937,110000000
2017-07-20 13:46:00|3|gc,PS MarkSweep|2,531
2017-07-20 13:46:00|3|thread,cputime,http-bio-8777-exec-3-38|4743181,0
2017-07-20 13:46:00|3|GLOBAL_REQUEST_STAT,LONGEST_RESPONSE_TIME,http-bio-8777|0
2017-07-20 13:46:00|3|REQUEST_STAT,RESPONSE_CODE_OVER_400_COUNT,http-bio-8777,HttpRequest1|11
2017-07-20 13:46:00|3|thread,cputime,http-bio-8777-exec-6-41|454965,0
2017-07-20 13:46:00|3|thread,cputime,Signal Dispatcher-4|129966,0
2017-07-20 13:46:00|3|thread,cputime,http-bio-8777-exec-7-42|1992424,0
2017-07-20 13:46:00|3|thread,cputime,http-bio-8777-exec-5-40|18721528,10000000
2017-07-20 13:46:00|3|thread,cputime,Pandora pandora-qos-reporter Pool [Thread-1]-26|15387527,10000000
2017-07-20 13:46:00|3|memory,HEAP,PS Survivor Space|2621440,39702904,39845888,39845888
2017-07-20 13:46:00|3|thread,cputime,Reference Handler-2|33068372,30000000
2017-07-20 13:46:00|3|thread,cputime,EagleEye-AsyncAppender-Thread-BizLog-17|18466166,10000000
2017-07-20 13:46:00|3|thread,cputime,http-bio-8777-AsyncTimeout-33|20969912,10000000
2017-07-20 13:46:00|3|thread,cputime,EagleEye-StatLogController-roller-thread-1-19|6505624,0
2017-07-20 13:46:00|3|thread,state|0,7,0,13,17,0
2017-07-20 13:46:00|3|thread,cputime,scheduleJob-worker--0-24|116346851,90000000
2017-07-20 13:46:00|3|thread,cputime,Timer-1-15|251952488,200000000
2017-07-20 13:46:00|3|thread,cputime,http-bio-8777-exec-8-43|5582749,0
2017-07-20 13:46:00|3|os,Linux-amd64-3.10.0-327.el7.x86_64|2,60,4144713728,2147479552,684269568,858783744,2559262720,22260000000
2017-07-20 13:46:00|3|REQUEST_STAT,LONGEST_RESPONSE_TIME,http-bio-8777,HttpRequest1|0
2017-07-20 13:46:00|3|thread,cputime,Old I/O server boss ([id: 0x48199394 0.0.0.0/0.0.0.0:12201])-25|71694899,60000000
2017-07-20 13:46:00|3|GLOBAL_REQUEST_STAT,RESPONSE_CODE_OVER_400_COUNT,http-bio-8777|11
2017-07-20 13:46:00|3|thread,count|37,36,37,39
2017-07-20 13:46:00|3|REQUEST_STAT,TOTAL_REQUEST_COUNT,http-bio-8777,HttpRequest1|16
2017-07-20 13:46:00|3|thread,cputime,JmonitorClient-CheckThread Pool [Thread-1]-27|18127340,10000000
2017-07-20 13:46:00|3|REQUEST_STAT,LONGEST_RESPONSE_START_TIME,http-bio-8777,HttpRequest1|1500529439658
2017-07-20 13:46:00|3|GLOBAL_REQUEST_STAT,LONGEST_RESPONSE_START_TIME,http-bio-8777|0
2017-07-20 13:46:00|3|thread,cputime,http-bio-8777-exec-2-37|5415873,0
2017-07-20 13:46:00|3|thread,cputime,http-bio-8777-Acceptor-0-32|6751620,0
2017-07-20 13:46:00|3|thread,cputime,http-bio-8777-exec-10-45|1741607,0
2017-07-20 13:46:00|3|memory,HEAP,PS Old Gen|42991616,83016480,133169152,692060160
2017-07-20 13:46:00|3|thread,cputime,JmonitorClient-WriterThread Pool [Thread-1]-30|12511513,0
2017-07-20 13:46:00|3|thread,cputime,JmonitorClient-ReaderThread Pool [Thread-1]-29|15586572,0
2017-07-20 13:46:00|3|thread,cputime,Thread-7-23|36153234,30000000
2017-07-20 13:46:00|3|thread,cputime,GC Daemon-10|182850,0
2017-07-20 13:46:00|3|thread,cputime,main-1|1056575338,910000000
2017-07-20 13:46:00|3|memory,HEAP|64761152,316271072,405798912,922746880
2017-07-20 13:46:00|3|gc,PS Scavenge|17,444
2017-07-20 13:46:00|3|GLOBAL_REQUEST_STAT,TOTAL_REQUEST_COUNT,http-bio-8777|16
2017-07-20 13:46:00|3|thread,cputime,server-timer-22|3180307,0
2017-07-20 13:46:00|3|thread,cputime,EagleEye-AsyncAppender-Thread-TraceLog-atp-21|38269172,30000000
2017-07-20 13:46:00|3|thread,cputime,EagleEye-ScheduleTaskController-worker-thread-1-20|26446716,10000000
2017-07-20 13:46:00|3|thread,cputime,Timer-0-13|30042957,20000000
2017-07-20 13:46:00|3|REQUEST_STAT,BYTE_SEND_RECEIVE,http-bio-8777,HttpRequest1|4867,0
2017-07-20 13:46:00|3|memory,HEAP,PS Eden Space|16777216,193551688,232783872,245366784
2017-07-20 13:48:00|3|GLOBAL_REQUEST_STAT,BYTE_SEND_RECEIVE,http-bio-8777|2913,0
2017-07-20 13:48:00|3|thread,cputime,EagleEye-AsyncAppender-Thread-RpcLog-16|2431847,0
2017-07-20 13:48:00|3|thread,cputime,Thread-3-14|1530186,0
2017-07-20 13:48:00|3|REQUEST_STAT,PROCESSING_TIME,http-bio-8777,HttpRequest1|40
2017-07-20 13:48:00|3|GLOBAL_REQUEST_STAT,PROCESSING_TIME,http-bio-8777|40
2017-07-20 13:48:00|3|classloading|8697,8697,0
2017-07-20 13:48:00|3|thread,cputime,EagleEye-LogDaemon-Thread-18|5376210,0
2017-07-20 13:48:00|3|thread,cputime,ContainerBackgroundProcessor[StandardEngine[Catalina]]-31|1090487,0
2017-07-20 13:48:00|3|memory,NON_HEAP,PS Perm Gen|22020096,49317600,103284736,174063616
2017-07-20 13:48:00|3|thread,cputime,JmonitorClient-HeartBeat Pool [Thread-1]-28|625765,0
2017-07-20 13:48:00|3|memory,NON_HEAP|24576000,51877984,106102784,224395264
2017-07-20 13:48:00|3|memory,NON_HEAP,Code Cache|2555904,2560384,2818048,50331648
2017-07-20 13:48:00|3|thread,cputime,Finalizer-3|34798433,30000000
2017-07-20 13:48:00|3|thread,cputime,http-bio-8777-exec-6-40|1278003,0
2017-07-20 13:48:00|3|gc,PS MarkSweep|2,388
2017-07-20 13:48:00|3|GLOBAL_REQUEST_STAT,LONGEST_RESPONSE_TIME,http-bio-8777|0
2017-07-20 13:48:00|3|REQUEST_STAT,RESPONSE_CODE_OVER_400_COUNT,http-bio-8777,HttpRequest1|4
2017-07-20 13:48:00|3|thread,cputime,http-bio-8777-exec-7-41|1579984,0
2017-07-20 13:48:00|3|thread,cputime,Signal Dispatcher-4|112075,0
2017-07-20 13:48:00|3|thread,cputime,http-bio-8777-exec-8-42|521039,0
2017-07-20 13:48:00|3|thread,cputime,Pandora pandora-qos-reporter Pool [Thread-1]-26|12413553,10000000
2017-07-20 13:48:00|3|memory,HEAP,PS Survivor Space|2621440,36943552,37224448,37224448
2017-07-20 13:48:00|3|thread,cputime,Reference Handler-2|27296501,20000000
2017-07-20 13:48:00|3|thread,cputime,Old I/O server boss ([id: 0x52b754bc 0.0.0.0/0.0.0.0:12201])-25|7292810,0
2017-07-20 13:48:00|3|thread,cputime,EagleEye-AsyncAppender-Thread-BizLog-17|3426026,0
2017-07-20 13:48:00|3|thread,cputime,http-bio-8777-exec-3-37|1452840,0
2017-07-20 13:48:00|3|thread,cputime,http-bio-8777-AsyncTimeout-33|2216279,0
2017-07-20 13:48:00|3|thread,cputime,EagleEye-StatLogController-roller-thread-1-19|299031,0
2017-07-20 13:48:00|3|thread,cputime,http-bio-8777-exec-5-39|500344,0
2017-07-20 13:48:00|3|thread,state|0,7,0,10,17,0
2017-07-20 13:48:00|3|thread,cputime,scheduleJob-worker--0-24|14927065,10000000
2017-07-20 13:48:00|3|thread,cputime,Timer-1-15|27432121,20000000
2017-07-20 13:48:00|3|os,Linux-amd64-3.10.0-327.el7.x86_64|2,890,4144713728,2147479552,218521600,868438016,2556104704,20380000000
2017-07-20 13:48:00|3|REQUEST_STAT,LONGEST_RESPONSE_TIME,http-bio-8777,HttpRequest1|0
2017-07-20 13:48:00|3|thread,cputime,http-bio-8777-exec-2-36|1373560,0
2017-07-20 13:48:00|3|GLOBAL_REQUEST_STAT,RESPONSE_CODE_OVER_400_COUNT,http-bio-8777|4
2017-07-20 13:48:00|3|thread,count|34,33,34,36
2017-07-20 13:48:00|3|REQUEST_STAT,TOTAL_REQUEST_COUNT,http-bio-8777,HttpRequest1|5
2017-07-20 13:48:00|3|thread,cputime,http-bio-8777-exec-4-38|2456615,0
2017-07-20 13:48:00|3|thread,cputime,JmonitorClient-CheckThread Pool [Thread-1]-27|9876150,0
2017-07-20 13:48:00|3|REQUEST_STAT,LONGEST_RESPONSE_START_TIME,http-bio-8777,HttpRequest1|1500529711783
2017-07-20 13:48:00|3|GLOBAL_REQUEST_STAT,LONGEST_RESPONSE_START_TIME,http-bio-8777|0
2017-07-20 13:48:00|3|thread,cputime,http-bio-8777-Acceptor-0-32|3378647,0
2017-07-20 13:48:00|3|memory,HEAP,PS Old Gen|42991616,89533296,136839168,692060160
2017-07-20 13:48:00|3|thread,cputime,JmonitorClient-WriterThread Pool [Thread-1]-30|1258933,0
2017-07-20 13:48:00|3|thread,cputime,JmonitorClient-ReaderThread Pool [Thread-1]-29|1268371,0
2017-07-20 13:48:00|3|thread,cputime,Thread-7-23|3999382,0
2017-07-20 13:48:00|3|thread,cputime,GC Daemon-10|293019,0
2017-07-20 13:48:00|3|thread,cputime,main-1|1019141242,900000000
2017-07-20 13:48:00|3|memory,HEAP|64761152,297431816,403701760,922746880
2017-07-20 13:48:00|3|gc,PS Scavenge|17,428
2017-07-20 13:48:00|3|GLOBAL_REQUEST_STAT,TOTAL_REQUEST_COUNT,http-bio-8777|5
2017-07-20 13:48:00|3|thread,cputime,http-bio-8777-exec-1-35|121403907,110000000
2017-07-20 13:48:00|3|thread,cputime,server-timer-22|524445,0
2017-07-20 13:48:00|3|thread,cputime,EagleEye-AsyncAppender-Thread-TraceLog-atp-21|2594274,0
2017-07-20 13:48:00|3|thread,cputime,EagleEye-ScheduleTaskController-worker-thread-1-20|249186,0
2017-07-20 13:48:00|3|thread,cputime,Timer-0-13|3389048,0
2017-07-20 13:48:00|3|REQUEST_STAT,BYTE_SEND_RECEIVE,http-bio-8777,HttpRequest1|2913,0
2017-07-20 13:48:00|3|memory,HEAP,PS Eden Space|16777216,170954968,229638144,247988224
